<?xml version="1.0" encoding="UTF-8"?>
<!-- Generated by org.testng.reporters.JUnitReportReporter -->
<testsuite hostname="sourceandroid" name="screenshortdemo.FailedScreenshot" tests="1" failures="0" timestamp="24 Sep 2018 15:09:48 GMT" time="13.435" errors="0">
  <testcase name="setUp" time="13.435" classname="screenshortdemo.FailedScreenshot"/>
</testsuite> <!-- screenshortdemo.FailedScreenshot -->
