<?xml version="1.0" encoding="UTF-8"?>
<!-- Generated by org.testng.reporters.JUnitReportReporter -->
<testsuite hostname="sourceandroid" name="screenshortdemo.ScreenDemo" tests="1" failures="0" timestamp="4 Sep 2018 14:10:00 GMT" time="9.455" errors="0">
  <testcase name="screenShort" time="9.455" classname="screenshortdemo.ScreenDemo"/>
</testsuite> <!-- screenshortdemo.ScreenDemo -->
