<?xml version="1.0" encoding="UTF-8"?>
<!-- Generated by org.testng.reporters.JUnitReportReporter -->
<testsuite hostname="sourceandroid" name="testng.TestngClass" tests="3" failures="0" timestamp="10 Aug 2018 14:35:11 GMT" time="0.016" errors="0">
  <testcase name="aMethod" time="0.002" classname="testng.TestngClass"/>
  <testcase name="nMethod" time="0.011" classname="testng.TestngClass"/>
  <testcase name="xMethod" time="0.003" classname="testng.TestngClass"/>
</testsuite> <!-- testng.TestngClass -->
