<?xml version="1.0" encoding="UTF-8"?>
<!-- Generated by org.testng.reporters.JUnitReportReporter -->
<testsuite hostname="sourceandroid" name="testvehicular.TestVehiculLogin" tests="1" failures="0" timestamp="24 Aug 2018 14:26:02 GMT" time="6.358" errors="0">
  <testcase name="loginMetodCall" time="6.358" classname="testvehicular.TestVehiculLogin"/>
</testsuite> <!-- testvehicular.TestVehiculLogin -->
