<?xml version="1.0" encoding="UTF-8"?>
<!-- Generated by org.testng.reporters.JUnitReportReporter -->
<testsuite skipped="0" hostname="sourceandroid" name="com.qa.tests.HomeTest" tests="3" failures="0" timestamp="27 Dec 2018 11:42:08 GMT" time="44.160" errors="0">
  <testcase name="homePageTitleTest" time="9.549" classname="com.qa.tests.HomeTest"/>
  <testcase name="utailerLogoTest" time="9.940" classname="com.qa.tests.HomeTest"/>
  <testcase name="verifyLoginLink" time="24.671" classname="com.qa.tests.HomeTest"/>
</testsuite> <!-- com.qa.tests.HomeTest -->
