<?xml version="1.0" encoding="UTF-8"?>
<!-- Generated by org.testng.reporters.JUnitReportReporter -->
<testsuite skipped="0" hostname="sourceandroid" name="com.qa.tests.CheckoutBillingTest" tests="10" failures="0" timestamp="26 Apr 2019 14:22:00 GMT" time="413.291" errors="0">
  <testcase name="verifyBEmlFld" time="37.926" classname="com.qa.tests.CheckoutBillingTest"/>
  <testcase name="verifyFrsNameFld" time="37.811" classname="com.qa.tests.CheckoutBillingTest"/>
  <testcase name="verifyLastNamFld" time="37.905" classname="com.qa.tests.CheckoutBillingTest"/>
  <testcase name="verifyAddrsFld" time="37.968" classname="com.qa.tests.CheckoutBillingTest"/>
  <testcase name="verifyContryFld" time="42.287" classname="com.qa.tests.CheckoutBillingTest"/>
  <testcase name="verifyStatFld" time="48.006" classname="com.qa.tests.CheckoutBillingTest"/>
  <testcase name="verifyCityFld" time="52.775" classname="com.qa.tests.CheckoutBillingTest"/>
  <testcase name="verifyMoblFld" time="40.480" classname="com.qa.tests.CheckoutBillingTest"/>
  <testcase name="verifyZipCodFld" time="37.977" classname="com.qa.tests.CheckoutBillingTest"/>
  <testcase name="verifyNextBtn" time="40.156" classname="com.qa.tests.CheckoutBillingTest"/>
</testsuite> <!-- com.qa.tests.CheckoutBillingTest -->
