<?xml version="1.0" encoding="UTF-8"?>
<!-- Generated by org.testng.reporters.JUnitReportReporter -->
<testsuite skipped="0" hostname="sourceandroid" name="com.qa.tests.HomeTest" tests="3" failures="0" timestamp="18 Apr 2019 08:15:48 GMT" time="39.076" errors="0">
  <testcase name="homePageTitleTest" time="14.233" classname="com.qa.tests.HomeTest"/>
  <testcase name="utailerLogoTest" time="11.601" classname="com.qa.tests.HomeTest"/>
  <testcase name="verifyBeautyLink" time="13.242" classname="com.qa.tests.HomeTest"/>
</testsuite> <!-- com.qa.tests.HomeTest -->
