<?xml version="1.0" encoding="UTF-8"?>
<!-- Generated by org.testng.reporters.JUnitReportReporter -->
<testsuite skipped="0" hostname="sourceandroid" name="com.qa.tests.DashboardTest" tests="2" failures="0" timestamp="02 Jan 2019 08:14:18 GMT" time="41.643" errors="0">
  <testcase name="verifyDasboardTitle" time="10.499" classname="com.qa.tests.DashboardTest"/>
  <testcase name="verifyMenLink" time="31.144" classname="com.qa.tests.DashboardTest"/>
</testsuite> <!-- com.qa.tests.DashboardTest -->
