<?xml version="1.0" encoding="UTF-8"?>
<!-- Generated by org.testng.reporters.JUnitReportReporter -->
<testsuite skipped="0" hostname="sourceandroid" name="com.qa.tests.CartTest" tests="2" failures="0" timestamp="19 Apr 2019 08:18:33 GMT" time="65.885" errors="0">
  <testcase name="verifyRadioBtn" time="30.940" classname="com.qa.tests.CartTest"/>
  <testcase name="verifyProcChkoutBtn" time="34.945" classname="com.qa.tests.CartTest"/>
</testsuite> <!-- com.qa.tests.CartTest -->
