<?xml version="1.0" encoding="UTF-8"?>
<!-- Generated by org.testng.reporters.JUnitReportReporter -->
<testsuite skipped="0" hostname="sourceandroid" name="com.qa.tests.LoginTest" tests="3" failures="0" timestamp="26 Apr 2019 14:37:12 GMT" time="45.065" errors="0">
  <testcase name="verifyLoginPageTitle" time="11.152" classname="com.qa.tests.LoginTest"/>
  <testcase name="verifyHomeLink" time="10.571" classname="com.qa.tests.LoginTest"/>
  <testcase name="loginTest" time="23.342" classname="com.qa.tests.LoginTest"/>
</testsuite> <!-- com.qa.tests.LoginTest -->
