<?xml version="1.0" encoding="UTF-8"?>
<!-- Generated by org.testng.reporters.JUnitReportReporter -->
<testsuite skipped="0" hostname="sourceandroid" name="com.qa.tests.LoginTest" tests="2" failures="0" timestamp="27 Dec 2018 11:42:08 GMT" time="37.152" errors="0">
  <testcase name="verifyLoginPageTitle" time="9.990" classname="com.qa.tests.LoginTest"/>
  <testcase name="loginTest" time="27.162" classname="com.qa.tests.LoginTest"/>
</testsuite> <!-- com.qa.tests.LoginTest -->
