<?xml version="1.0" encoding="UTF-8"?>
<!-- Generated by org.testng.reporters.JUnitReportReporter -->
<testsuite skipped="0" hostname="sourceandroid" name="com.qa.tests.HomeTest" tests="3" failures="0" timestamp="08 Apr 2019 12:58:38 GMT" time="51.251" errors="0">
  <testcase name="homePageTitleTest" time="11.451" classname="com.qa.tests.HomeTest"/>
  <testcase name="utailerLogoTest" time="14.857" classname="com.qa.tests.HomeTest"/>
  <testcase name="verifyLoginLink" time="24.943" classname="com.qa.tests.HomeTest"/>
</testsuite> <!-- com.qa.tests.HomeTest -->
