<?xml version="1.0" encoding="UTF-8"?>
<!-- Generated by org.testng.reporters.JUnitReportReporter -->
<testsuite skipped="0" hostname="sourceandroid" name="com.qa.tests.CartTest" tests="3" failures="0" timestamp="26 Apr 2019 14:22:00 GMT" time="107.621" errors="0">
  <testcase name="verifyRadioBtn" time="31.213" classname="com.qa.tests.CartTest"/>
  <testcase name="verifyProcChkoutBtn" time="36.364" classname="com.qa.tests.CartTest"/>
  <testcase name="verifyContBtn" time="40.044" classname="com.qa.tests.CartTest"/>
</testsuite> <!-- com.qa.tests.CartTest -->
