<?xml version="1.0" encoding="UTF-8"?>
<!-- Generated by org.testng.reporters.JUnitReportReporter -->
<testsuite skipped="0" hostname="sourceandroid" name="com.qa.tests.DashboardTest" tests="4" failures="0" timestamp="17 Dec 2018 15:25:47 GMT" time="94.015" errors="0">
  <testcase name="verifyDasboardTitle" time="11.133" classname="com.qa.tests.DashboardTest"/>
  <testcase name="verifyMenLink" time="26.075" classname="com.qa.tests.DashboardTest"/>
  <testcase name="verifyProductSize" time="26.442" classname="com.qa.tests.DashboardTest"/>
  <testcase name="verifyCheckboxSize" time="30.365" classname="com.qa.tests.DashboardTest"/>
</testsuite> <!-- com.qa.tests.DashboardTest -->
