<?xml version="1.0" encoding="UTF-8"?>
<!-- Generated by org.testng.reporters.JUnitReportReporter -->
<testsuite skipped="0" hostname="sourceandroid" name="com.qa.tests.MenTest" tests="5" failures="0" timestamp="08 Apr 2019 12:58:38 GMT" time="225.054" errors="0">
  <testcase name="verifyProductDetails" time="71.588" classname="com.qa.tests.MenTest"/>
  <testcase name="verifyMenTitle" time="11.679" classname="com.qa.tests.MenTest"/>
  <testcase name="verifyProductSize" time="16.699" classname="com.qa.tests.MenTest"/>
  <testcase name="verifyfilterbybrand" time="58.896" classname="com.qa.tests.MenTest"/>
  <testcase name="verifyfilterbyslider" time="66.192" classname="com.qa.tests.MenTest"/>
</testsuite> <!-- com.qa.tests.MenTest -->
