<?xml version="1.0" encoding="UTF-8"?>
<!-- Generated by org.testng.reporters.JUnitReportReporter -->
<testsuite skipped="0" hostname="sourceandroid" name="com.qa.tests.HomeTest" tests="3" failures="0" timestamp="18 Apr 2019 13:12:20 GMT" time="41.982" errors="0">
  <testcase name="homePageTitleTest" time="17.203" classname="com.qa.tests.HomeTest"/>
  <testcase name="utailerLogoTest" time="11.312" classname="com.qa.tests.HomeTest"/>
  <testcase name="verifyBeautyLink" time="13.467" classname="com.qa.tests.HomeTest"/>
</testsuite> <!-- com.qa.tests.HomeTest -->
