<?xml version="1.0" encoding="UTF-8"?>
<!-- Generated by org.testng.reporters.JUnitReportReporter -->
<testsuite skipped="0" hostname="sourceandroid" name="com.qa.tests.MenTest" tests="5" failures="0" timestamp="16 Apr 2019 13:47:10 GMT" time="224.502" errors="0">
  <testcase name="verifyMenTitle" time="11.509" classname="com.qa.tests.MenTest"/>
  <testcase name="verifyProductDetails" time="70.417" classname="com.qa.tests.MenTest"/>
  <testcase name="verifyProductSize" time="18.331" classname="com.qa.tests.MenTest"/>
  <testcase name="verifyfilterbybrand" time="57.987" classname="com.qa.tests.MenTest"/>
  <testcase name="verifyfilterbyslider" time="66.258" classname="com.qa.tests.MenTest"/>
</testsuite> <!-- com.qa.tests.MenTest -->
