<?xml version="1.0" encoding="UTF-8"?>
<!-- Generated by org.testng.reporters.JUnitReportReporter -->
<testsuite skipped="0" hostname="sourceandroid" name="com.qa.tests.HomeTest" tests="3" failures="0" timestamp="12 Dec 2018 11:24:21 GMT" time="49.275" errors="0">
  <testcase name="homePageTitleTest" time="11.596" classname="com.qa.tests.HomeTest"/>
  <testcase name="utailerLogoTest" time="13.299" classname="com.qa.tests.HomeTest"/>
  <testcase name="verifyLoginLink" time="24.380" classname="com.qa.tests.HomeTest"/>
</testsuite> <!-- com.qa.tests.HomeTest -->
