<?xml version="1.0" encoding="UTF-8"?>
<!-- Generated by org.testng.reporters.JUnitReportReporter -->
<testsuite skipped="0" hostname="sourceandroid" name="com.qa.tests.DashboardTest" tests="1" failures="0" timestamp="11 Dec 2018 15:03:13 GMT" time="12.982" errors="0">
  <testcase name="verifyMenLink" time="12.982" classname="com.qa.tests.DashboardTest"/>
</testsuite> <!-- com.qa.tests.DashboardTest -->
