<?xml version="1.0" encoding="UTF-8"?>
<!-- Generated by org.testng.reporters.JUnitReportReporter -->
<testsuite skipped="0" hostname="sourceandroid" name="com.qa.tests.ProductDetailTest" tests="3" failures="0" timestamp="26 Apr 2019 14:22:00 GMT" time="69.602" errors="0">
  <testcase name="verifySizeItem" time="17.801" classname="com.qa.tests.ProductDetailTest"/>
  <testcase name="verifyAddToCart" time="22.028" classname="com.qa.tests.ProductDetailTest"/>
  <testcase name="verifyviewCart" time="29.773" classname="com.qa.tests.ProductDetailTest"/>
</testsuite> <!-- com.qa.tests.ProductDetailTest -->
