<?xml version="1.0" encoding="UTF-8"?>
<!-- Generated by org.testng.reporters.JUnitReportReporter -->
<testsuite skipped="0" hostname="sourceandroid" name="com.qa.tests.HomeTest" tests="3" failures="0" timestamp="11 Dec 2018 15:03:13 GMT" time="60.063" errors="0">
  <testcase name="homePageTitleTest" time="19.192" classname="com.qa.tests.HomeTest"/>
  <testcase name="utailerLogoTest" time="13.207" classname="com.qa.tests.HomeTest"/>
  <testcase name="verifyLoginLink" time="27.664" classname="com.qa.tests.HomeTest"/>
</testsuite> <!-- com.qa.tests.HomeTest -->
