<?xml version="1.0" encoding="UTF-8"?>
<!-- Generated by org.testng.reporters.JUnitReportReporter -->
<testsuite skipped="0" hostname="sourceandroid" name="com.qa.tests.ProductDetailTest" tests="2" failures="0" timestamp="18 Apr 2019 08:15:48 GMT" time="35.611" errors="0">
  <testcase name="verifySizeItem" time="17.342" classname="com.qa.tests.ProductDetailTest"/>
  <testcase name="verifyAddToCart" time="18.269" classname="com.qa.tests.ProductDetailTest"/>
</testsuite> <!-- com.qa.tests.ProductDetailTest -->
