<?xml version="1.0" encoding="UTF-8"?>
<!-- Generated by org.testng.reporters.JUnitReportReporter -->
<testsuite skipped="0" hostname="sourceandroid" name="com.qa.tests.MenTest" tests="3" failures="0" timestamp="08 Jan 2019 12:02:58 GMT" time="83.885" errors="0">
  <testcase name="verifyMenTitle" time="10.067" classname="com.qa.tests.MenTest"/>
  <testcase name="verifyProductSize" time="16.332" classname="com.qa.tests.MenTest"/>
  <testcase name="verifyfilterbybrand" time="57.486" classname="com.qa.tests.MenTest"/>
</testsuite> <!-- com.qa.tests.MenTest -->
