<?xml version="1.0" encoding="UTF-8"?>
<!-- Generated by org.testng.reporters.JUnitReportReporter -->
<testsuite skipped="0" hostname="sourceandroid" name="com.qa.tests.HomeTest" tests="3" failures="0" timestamp="07 Dec 2018 14:06:52 GMT" time="34.337" errors="0">
  <testcase name="homePageTitleTest" time="10.452" classname="com.qa.tests.HomeTest"/>
  <testcase name="utailerLogoTest" time="10.306" classname="com.qa.tests.HomeTest"/>
  <testcase name="verifyLoginLink" time="13.579" classname="com.qa.tests.HomeTest"/>
</testsuite> <!-- com.qa.tests.HomeTest -->
