<?xml version="1.0" encoding="UTF-8"?>
<!-- Generated by org.testng.reporters.JUnitReportReporter -->
<testsuite skipped="0" hostname="sourceandroid" name="com.qa.tests.DashboardTest" tests="3" failures="0" timestamp="12 Dec 2018 14:08:38 GMT" time="64.579" errors="0">
  <testcase name="verifyDasboardTitle" time="10.839" classname="com.qa.tests.DashboardTest"/>
  <testcase name="verifyMenLink" time="26.238" classname="com.qa.tests.DashboardTest"/>
  <testcase name="verifyProductSize" time="27.502" classname="com.qa.tests.DashboardTest"/>
</testsuite> <!-- com.qa.tests.DashboardTest -->
