<?xml version="1.0" encoding="UTF-8"?>
<!-- Generated by org.testng.reporters.JUnitReportReporter -->
<testsuite skipped="0" hostname="sourceandroid" name="com.qa.tests.LoginTest" tests="3" failures="0" timestamp="18 Apr 2019 13:12:20 GMT" time="47.880" errors="0">
  <testcase name="verifyLoginPageTitle" time="11.648" classname="com.qa.tests.LoginTest"/>
  <testcase name="verifyHomeLink" time="10.757" classname="com.qa.tests.LoginTest"/>
  <testcase name="loginTest" time="25.475" classname="com.qa.tests.LoginTest"/>
</testsuite> <!-- com.qa.tests.LoginTest -->
