<?xml version="1.0" encoding="UTF-8"?>
<!-- Generated by org.testng.reporters.JUnitReportReporter -->
<testsuite skipped="0" hostname="sourceandroid" name="com.qa.tests.MenTest" tests="3" failures="0" timestamp="07 Jan 2019 11:34:25 GMT" time="46.510" errors="0">
  <testcase name="verifyMenTitle" time="10.282" classname="com.qa.tests.MenTest"/>
  <testcase name="verifyProductSize" time="16.216" classname="com.qa.tests.MenTest"/>
  <testcase name="verifyfilterbybrand" time="20.012" classname="com.qa.tests.MenTest"/>
</testsuite> <!-- com.qa.tests.MenTest -->
