<?xml version="1.0" encoding="UTF-8"?>
<!-- Generated by org.testng.reporters.JUnitReportReporter -->
<testsuite skipped="0" hostname="sourceandroid" name="com.qa.tests.LoginTest" tests="2" failures="0" timestamp="07 Jan 2019 12:56:16 GMT" time="38.209" errors="0">
  <testcase name="verifyLoginPageTitle" time="9.937" classname="com.qa.tests.LoginTest"/>
  <testcase name="loginTest" time="28.272" classname="com.qa.tests.LoginTest"/>
</testsuite> <!-- com.qa.tests.LoginTest -->
