<?xml version="1.0" encoding="UTF-8"?>
<!-- Generated by org.testng.reporters.JUnitReportReporter -->
<testsuite skipped="0" hostname="sourceandroid" name="com.qa.tests.LoginTest" tests="2" failures="0" timestamp="12 Dec 2018 11:24:21 GMT" time="38.609" errors="0">
  <testcase name="verifyLoginPageTitle" time="10.306" classname="com.qa.tests.LoginTest"/>
  <testcase name="loginTest" time="28.303" classname="com.qa.tests.LoginTest"/>
</testsuite> <!-- com.qa.tests.LoginTest -->
