<?xml version="1.0" encoding="UTF-8"?>
<!-- Generated by org.testng.reporters.JUnitReportReporter -->
<testsuite skipped="0" hostname="sourceandroid" name="com.qa.tests.BeautyTest" tests="1" failures="0" timestamp="26 Apr 2019 14:22:00 GMT" time="15.994" errors="0">
  <testcase name="verifyProductDetails" time="15.994" classname="com.qa.tests.BeautyTest"/>
</testsuite> <!-- com.qa.tests.BeautyTest -->
