<?xml version="1.0" encoding="UTF-8"?>
<!-- Generated by org.testng.reporters.JUnitReportReporter -->
<testsuite skipped="0" hostname="sourceandroid" name="com.qa.tests.LoginTest" tests="2" failures="0" timestamp="07 Jan 2019 09:52:37 GMT" time="38.260" errors="0">
  <testcase name="verifyLoginPageTitle" time="10.209" classname="com.qa.tests.LoginTest"/>
  <testcase name="loginTest" time="28.051" classname="com.qa.tests.LoginTest"/>
</testsuite> <!-- com.qa.tests.LoginTest -->
