<?xml version="1.0" encoding="UTF-8"?>
<!-- Generated by org.testng.reporters.JUnitReportReporter -->
<testsuite skipped="0" hostname="sourceandroid" name="com.qa.tests.LoginTest" tests="2" failures="0" timestamp="17 Dec 2018 14:16:50 GMT" time="46.511" errors="0">
  <testcase name="verifyLoginPageTitle" time="14.345" classname="com.qa.tests.LoginTest"/>
  <testcase name="loginTest" time="32.166" classname="com.qa.tests.LoginTest"/>
</testsuite> <!-- com.qa.tests.LoginTest -->
