<?xml version="1.0" encoding="UTF-8"?>
<!-- Generated by org.testng.reporters.JUnitReportReporter -->
<testsuite skipped="0" hostname="sourceandroid" name="com.qa.tests.MenTest" tests="3" failures="0" timestamp="07 Jan 2019 15:26:02 GMT" time="84.044" errors="0">
  <testcase name="verifyMenTitle" time="10.459" classname="com.qa.tests.MenTest"/>
  <testcase name="verifyProductSize" time="15.519" classname="com.qa.tests.MenTest"/>
  <testcase name="verifyfilterbybrand" time="58.066" classname="com.qa.tests.MenTest"/>
</testsuite> <!-- com.qa.tests.MenTest -->
