<?xml version="1.0" encoding="UTF-8"?>
<!-- Generated by org.testng.reporters.JUnitReportReporter -->
<testsuite skipped="0" hostname="sourceandroid" name="com.qa.tests.LoginTest" tests="3" failures="0" timestamp="18 Apr 2019 08:15:48 GMT" time="51.890" errors="0">
  <testcase name="verifyLoginPageTitle" time="12.465" classname="com.qa.tests.LoginTest"/>
  <testcase name="verifyHomeLink" time="15.115" classname="com.qa.tests.LoginTest"/>
  <testcase name="loginTest" time="24.310" classname="com.qa.tests.LoginTest"/>
</testsuite> <!-- com.qa.tests.LoginTest -->
