<?xml version="1.0" encoding="UTF-8"?>
<!-- Generated by org.testng.reporters.JUnitReportReporter -->
<testsuite skipped="0" hostname="sourceandroid" name="com.qa.tests.HomeTest" tests="3" failures="0" timestamp="17 Dec 2018 13:52:20 GMT" time="44.136" errors="0">
  <testcase name="homePageTitleTest" time="9.905" classname="com.qa.tests.HomeTest"/>
  <testcase name="utailerLogoTest" time="9.611" classname="com.qa.tests.HomeTest"/>
  <testcase name="verifyLoginLink" time="24.620" classname="com.qa.tests.HomeTest"/>
</testsuite> <!-- com.qa.tests.HomeTest -->
