<?xml version="1.0" encoding="UTF-8"?>
<!-- Generated by org.testng.reporters.JUnitReportReporter -->
<testsuite skipped="0" hostname="sourceandroid" name="com.qa.tests.HomeTest" tests="3" failures="0" timestamp="07 Jan 2019 12:54:34 GMT" time="44.391" errors="0">
  <testcase name="homePageTitleTest" time="9.913" classname="com.qa.tests.HomeTest"/>
  <testcase name="utailerLogoTest" time="10.464" classname="com.qa.tests.HomeTest"/>
  <testcase name="verifyLoginLink" time="24.014" classname="com.qa.tests.HomeTest"/>
</testsuite> <!-- com.qa.tests.HomeTest -->
