<?xml version="1.0" encoding="UTF-8"?>
<!-- Generated by org.testng.reporters.JUnitReportReporter -->
<testsuite skipped="0" hostname="sourceandroid" name="com.qa.tests.LoginTest" tests="2" failures="0" timestamp="08 Apr 2019 12:58:38 GMT" time="38.903" errors="0">
  <testcase name="verifyLoginPageTitle" time="10.766" classname="com.qa.tests.LoginTest"/>
  <testcase name="loginTest" time="28.137" classname="com.qa.tests.LoginTest"/>
</testsuite> <!-- com.qa.tests.LoginTest -->
