<?xml version="1.0" encoding="UTF-8"?>
<!-- Generated by org.testng.reporters.JUnitReportReporter -->
<testsuite skipped="0" hostname="sourceandroid" name="com.qa.tests.HomeTest" tests="3" failures="0" timestamp="26 Apr 2019 14:22:00 GMT" time="37.576" errors="0">
  <testcase name="homePageTitleTest" time="12.134" classname="com.qa.tests.HomeTest"/>
  <testcase name="utailerLogoTest" time="11.546" classname="com.qa.tests.HomeTest"/>
  <testcase name="verifyBeautyLink" time="13.896" classname="com.qa.tests.HomeTest"/>
</testsuite> <!-- com.qa.tests.HomeTest -->
