<?xml version="1.0" encoding="UTF-8"?>
<!-- Generated by org.testng.reporters.JUnitReportReporter -->
<testsuite skipped="0" hostname="sourceandroid" name="com.qa.tests.DashboardTest" tests="2" failures="0" timestamp="16 Apr 2019 15:19:32 GMT" time="22.572" errors="0">
  <testcase name="verifyDasboardTitle" time="10.505" classname="com.qa.tests.DashboardTest"/>
  <testcase name="verifyBeautyLink" time="12.067" classname="com.qa.tests.DashboardTest"/>
</testsuite> <!-- com.qa.tests.DashboardTest -->
