<?xml version="1.0" encoding="UTF-8"?>
<!-- Generated by org.testng.reporters.JUnitReportReporter -->
<testsuite skipped="0" hostname="sourceandroid" name="com.qa.tests.MenTest" tests="4" failures="0" timestamp="10 Jan 2019 12:31:30 GMT" time="153.786" errors="0">
  <testcase name="verifyfilterbyslider" time="65.384" classname="com.qa.tests.MenTest"/>
  <testcase name="verifyMenTitle" time="13.276" classname="com.qa.tests.MenTest"/>
  <testcase name="verifyProductSize" time="15.970" classname="com.qa.tests.MenTest"/>
  <testcase name="verifyfilterbybrand" time="59.156" classname="com.qa.tests.MenTest"/>
</testsuite> <!-- com.qa.tests.MenTest -->
