<?xml version="1.0" encoding="UTF-8"?>
<!-- Generated by org.testng.reporters.JUnitReportReporter -->
<testsuite skipped="0" hostname="sourceandroid" name="com.qa.tests.BeautyTest" tests="1" failures="0" timestamp="18 Apr 2019 13:12:20 GMT" time="13.358" errors="0">
  <testcase name="verifyProductDetails" time="13.358" classname="com.qa.tests.BeautyTest"/>
</testsuite> <!-- com.qa.tests.BeautyTest -->
